<?xml version="1.0" encoding="UTF-8"?>
<testng-results ignored="0" total="1" passed="1" failed="0" skipped="0">
  <reporter-output>
  </reporter-output>
  <suite started-at="2023-05-27T15:37:53 IST" name="Default suite" finished-at="2023-05-27T15:37:54 IST" duration-ms="1034">
    <groups>
    </groups>
    <test started-at="2023-05-27T15:37:53 IST" name="Default test" finished-at="2023-05-27T15:37:54 IST" duration-ms="1034">
      <class name="Reporting_tool.ext1">
        <test-method signature="test1()[pri:0, instance:Reporting_tool.ext1@1b1426f4]" started-at="2023-05-27T15:37:54 IST" name="test1" finished-at="2023-05-27T15:37:54 IST" duration-ms="973" status="PASS">
          <reporter-output>
          </reporter-output>
        </test-method> <!-- test1 -->
      </class> <!-- Reporting_tool.ext1 -->
    </test> <!-- Default test -->
  </suite> <!-- Default suite -->
</testng-results>
